#
# A fatal error has been detected by the Java Runtime Environment:
#
#  EXCEPTION_ACCESS_VIOLATION (0xc0000005) at pc=0x00007ffa81c391bb, pid=16736, tid=16004
#
# JRE version: Java(TM) SE Runtime Environment (16.0+36) (build 16+36-2231)
# Java VM: Java HotSpot(TM) 64-Bit Server VM (16+36-2231, mixed mode, sharing, tiered, compressed oops, g1 gc, windows-amd64)
# Problematic frame:
# V  [jvm.dll+0x6191bb]
#
# No core dump will be written. Minidumps are not enabled by default on client versions of Windows
#
# If you would like to submit a bug report, please visit:
#   https://bugreport.java.com/bugreport/crash.jsp
#

---------------  S U M M A R Y ------------

Command Line: -Dfile.encoding=UTF-8 -agentpath:C:/Program Files/NetBeans-12.3/netbeans/profiler/lib/deployed/jdk16/windows-amd64/profilerinterface.dll=C:\Program Files\NetBeans-12.3\netbeans\profiler\lib,5140,10 -XX:+HeapDumpOnOutOfMemoryError -XX:HeapDumpPath=C:\Users\lamju\OneDrive\Education\Diploma Of Software Development\Advanced Java\Assessments\ICTPRG527 & ICTPRG503 [IN PROGRESS]\SkillsAss2\nbproject\private\profiler Views.NewUserScreen

Host: Intel(R) Core(TM) i5-7200U CPU @ 2.50GHz, 4 cores, 3G,  Windows 10 , 64 bit Build 19041 (10.0.19041.928)
Time: Fri May 21 13:36:13 2021 AUS Eastern Standard Time elapsed time: 357.004717 seconds (0d 0h 5m 57s)

---------------  T H R E A D  ---------------

Current thread (0x000001f57289e7c0):  JavaThread "*** Profiler Agent Communication Thread" daemon [_thread_in_vm, id=16004, stack(0x0000000a18700000,0x0000000a18800000)]

Stack: [0x0000000a18700000,0x0000000a18800000],  sp=0x0000000a187feaa0,  free space=1018k
Native frames: (J=compiled Java code, j=interpreted, Vv=VM code, C=native code)
V  [jvm.dll+0x6191bb]
V  [jvm.dll+0x4c1858]
C  [profilerinterface.dll+0x34da]

Java frames: (J=compiled Java code, j=interpreted, Vv=VM code)
j  org.netbeans.lib.profiler.server.system.Stacks.getMethodNamesForJMethodIds(I[I[I)[B+0
j  org.netbeans.lib.profiler.server.ProfilerInterface.getMethodNamesForJMethodIds([I)Lorg/netbeans/lib/profiler/wireprotocol/MethodNamesResponse;+20
J 3120 c1 org.netbeans.lib.profiler.server.ProfilerServer.handleClientCommand(Lorg/netbeans/lib/profiler/wireprotocol/Command;)V (1301 bytes) @ 0x000001f55eeca104 [0x000001f55eec8060+0x00000000000020a4]
j  org.netbeans.lib.profiler.server.ProfilerServer.listenToClient()V+48
j  org.netbeans.lib.profiler.server.ProfilerServer.run()V+22
v  ~StubRoutines::call_stub

siginfo: EXCEPTION_ACCESS_VIOLATION (0xc0000005), reading address 0x00000000735c5c88


Register to memory mapping:

RIP=0x00007ffa81c391bb jvm.dll
RAX=0x0000000a187fea01 is pointing into the stack for thread: 0x000001f57289e7c0
RBX=0x000001f57289e7c0 is a thread
RCX=0x00000000735c5c88 is an unknown value
RDX=0x000001f57289e7c0 is a thread
RSP=0x0000000a187feaa0 is pointing into the stack for thread: 0x000001f57289e7c0
RBP=0x00000000735c5c88 is an unknown value
RSI=0x0000000a187febc0 is pointing into the stack for thread: 0x000001f57289e7c0
RDI=0x000001f556b6b600 points into unknown readable memory: 0x00007ffa8209c150 | 50 c1 09 82 fa 7f 00 00
R8 =0x0000000a187febc0 is pointing into the stack for thread: 0x000001f57289e7c0
R9 =0x000000000000000c is an unknown value
R10=0x0 is NULL
R11=0x0000000a187fea98 is pointing into the stack for thread: 0x000001f57289e7c0
R12=0x000001f57459ead0 points into unknown readable memory: 0x335c5c98335c5c88 | 88 5c 5c 33 98 5c 5c 33
R13=0x0000000000000020 is an unknown value
R14=0x00007ffae2839c68 profilerinterface.dll
R15=0x00007ffae2839a60 profilerinterface.dll


Registers:
RAX=0x0000000a187fea01, RBX=0x000001f57289e7c0, RCX=0x00000000735c5c88, RDX=0x000001f57289e7c0
RSP=0x0000000a187feaa0, RBP=0x00000000735c5c88, RSI=0x0000000a187febc0, RDI=0x000001f556b6b600
R8 =0x0000000a187febc0, R9 =0x000000000000000c, R10=0x0000000000000000, R11=0x0000000a187fea98
R12=0x000001f57459ead0, R13=0x0000000000000020, R14=0x00007ffae2839c68, R15=0x00007ffae2839a60
RIP=0x00007ffa81c391bb, EFLAGS=0x0000000000010206

Top of Stack: (sp=0x0000000a187feaa0)
0x0000000a187feaa0:   0000000000000020 000001f57459ead0
0x0000000a187feab0:   000001f57289e7c0 0000000a187fec70
0x0000000a187feac0:   000001f57289e7c0 00007ffa81ae1858
0x0000000a187fead0:   0000000000000500 000001f57289e7c0
0x0000000a187feae0:   000001f57289ead0 00007ffaea049d40
0x0000000a187feaf0:   000001f57289e7c0 0000000000000000
0x0000000a187feb00:   000001f500000000 0000000000000000
0x0000000a187feb10:   00000000735c5c88 00007ffae28334da
0x0000000a187feb20:   0000000000000000 000001f57289ead0
0x0000000a187feb30:   00000000c4286ce8 000001f57235c4f8
0x0000000a187feb40:   000001f57459ead0 00007ffa81998b67
0x0000000a187feb50:   000000000001bb5b 000001f55e322895
0x0000000a187feb60:   000001f57289e7c0 00000000c4286ce8
0x0000000a187feb70:   000001f57235c4f8 000001f57289e7c0
0x0000000a187feb80:   000001f57289e7c0 000001f57235c4f8
0x0000000a187feb90:   0000000000000000 0000000000000470 

Instructions: (pc=0x00007ffa81c391bb)
0x00007ffa81c390bb:   98 00 00 00 4d 85 f6 74 3c 49 8b 06 49 8b ce 48
0x00007ffa81c390cb:   89 7c 24 38 ff 50 30 49 8b 16 49 8b ce 48 63 d8
0x00007ffa81c390db:   ff 52 08 48 8b cd 0f b6 f8 e8 f7 b7 bd ff 48 8b
0x00007ffa81c390eb:   c8 44 0f b6 cf 4c 8b c3 49 8b d6 e8 e5 09 be ff
0x00007ffa81c390fb:   48 8b 7c 24 38 48 8b 6c 24 58 80 3d 7e e8 4b 00
0x00007ffa81c3910b:   00 74 18 48 8b 4c 24 20 48 8b d6 e8 b5 28 00 00
0x00007ffa81c3911b:   48 83 7e 08 00 74 04 33 db eb 09 48 8b 44 24 20
0x00007ffa81c3912b:   48 8b 58 18 48 8d 4c 24 20 e8 f7 8b d2 ff 4c 8b
0x00007ffa81c3913b:   74 24 30 48 8b c3 48 8b 5c 24 50 48 83 c4 40 5e
0x00007ffa81c3914b:   c3 cc cc cc cc 48 8b 51 08 4c 8b c1 48 8b 42 08
0x00007ffa81c3915b:   0f b6 52 24 c0 ea 06 48 8b 48 18 8b 81 a4 00 00
0x00007ffa81c3916b:   00 f6 c2 01 75 27 48 85 c9 74 14 8b c8 c1 e9 09
0x00007ffa81c3917b:   f6 c1 01 74 0a 41 f7 40 20 02 04 00 00 74 0e 41
0x00007ffa81c3918b:   8b 48 20 0b c8 f6 c1 10 74 03 b0 01 c3 41 83 78
0x00007ffa81c3919b:   24 fe 0f 94 c0 c3 cc cc cc cc cc cc cc cc cc cc
0x00007ffa81c391ab:   cc cc cc cc cc 40 53 48 83 ec 20 48 85 c9 74 24
0x00007ffa81c391bb:   48 8b 19 48 85 db 74 1c 48 83 fb 37 74 16 48 8b
0x00007ffa81c391cb:   13 48 8b cb ff 52 10 84 c0 74 09 48 8b c3 48 83
0x00007ffa81c391db:   c4 20 5b c3 33 c0 48 83 c4 20 5b c3 cc cc cc cc
0x00007ffa81c391eb:   cc cc cc cc cc 40 53 55 41 56 41 57 48 83 ec 28
0x00007ffa81c391fb:   48 8b 41 08 33 ed 4c 8b f1 48 8b 50 08 4c 8b 7a
0x00007ffa81c3920b:   18 49 8b 9f 70 01 00 00 48 85 db 0f 84 e5 00 00
0x00007ffa81c3921b:   00 8b 15 a6 c6 4f 00 65 48 8b 04 25 58 00 00 00
0x00007ffa81c3922b:   48 89 74 24 50 4c 89 64 24 60 4c 89 6c 24 20 41
0x00007ffa81c3923b:   bd ff ff 00 00 4c 8d 24 d0 41 b8 40 00 00 00 48
0x00007ffa81c3924b:   89 7c 24 58 90 49 8b 56 08 48 8b 73 10 0f b7 42
0x00007ffa81c3925b:   2a 66 39 43 08 75 7c 0f b7 42 2c 66 39 43 0a 75
0x00007ffa81c3926b:   72 0f b6 03 48 63 4b 04 49 8b 3c 24 88 44 11 38
0x00007ffa81c3927b:   41 8b c0 80 3c 38 00 75 05 e8 43 ac 20 00 b8 10
0x00007ffa81c3928b:   00 00 00 49 8b ce 48 8b 3c 38 48 8b d7 e8 a3 95
0x00007ffa81c3929b:   ba ff 48 83 7f 08 00 75 0a 48 85 c0 74 05 66 44
0x00007ffa81c392ab:   01 68 0e 48 85 ed 74 14 48 8b cb 48 89 75 10 e8 


Stack slot to memory mapping:
stack at sp + 0 slots: 0x0000000000000020 is an unknown value
stack at sp + 1 slots: 0x000001f57459ead0 points into unknown readable memory: 0x335c5c98335c5c88 | 88 5c 5c 33 98 5c 5c 33
stack at sp + 2 slots: 0x000001f57289e7c0 is a thread
stack at sp + 3 slots: 0x0000000a187fec70 is pointing into the stack for thread: 0x000001f57289e7c0
stack at sp + 4 slots: 0x000001f57289e7c0 is a thread
stack at sp + 5 slots: 0x00007ffa81ae1858 jvm.dll
stack at sp + 6 slots: 0x0000000000000500 is an unknown value
stack at sp + 7 slots: 0x000001f57289e7c0 is a thread


---------------  P R O C E S S  ---------------

Threads class SMR info:
_java_thread_list=0x000001f57644b930, length=22, elements={
0x000001f571c7e660, 0x000001f571c7fcc0, 0x000001f571c94c80, 0x000001f571c97690,
0x000001f571c98090, 0x000001f571c999d0, 0x000001f571c9f460, 0x000001f571c9ff50,
0x000001f571ca3ef0, 0x000001f572857490, 0x000001f57289e7c0, 0x000001f57291e800,
0x000001f572920140, 0x000001f572bec2b0, 0x000001f5735813d0, 0x000001f5735ad020,
0x000001f5735ad540, 0x000001f5735eb390, 0x000001f573766400, 0x000001f5737683e0,
0x000001f573765eb0, 0x000001f573766ea0
}

Java Threads: ( => current thread )
  0x000001f571c7e660 JavaThread "Reference Handler" daemon [_thread_blocked, id=18924, stack(0x0000000a17d00000,0x0000000a17e00000)]
  0x000001f571c7fcc0 JavaThread "Finalizer" daemon [_thread_blocked, id=9936, stack(0x0000000a17e00000,0x0000000a17f00000)]
  0x000001f571c94c80 JavaThread "Signal Dispatcher" daemon [_thread_blocked, id=17464, stack(0x0000000a17f00000,0x0000000a18000000)]
  0x000001f571c97690 JavaThread "Attach Listener" daemon [_thread_blocked, id=17032, stack(0x0000000a18000000,0x0000000a18100000)]
  0x000001f571c98090 JavaThread "Service Thread" daemon [_thread_blocked, id=17176, stack(0x0000000a18100000,0x0000000a18200000)]
  0x000001f571c999d0 JavaThread "Monitor Deflation Thread" daemon [_thread_blocked, id=11032, stack(0x0000000a18200000,0x0000000a18300000)]
  0x000001f571c9f460 JavaThread "C2 CompilerThread0" daemon [_thread_blocked, id=9232, stack(0x0000000a18300000,0x0000000a18400000)]
  0x000001f571c9ff50 JavaThread "C1 CompilerThread0" daemon [_thread_blocked, id=8340, stack(0x0000000a18400000,0x0000000a18500000)]
  0x000001f571ca3ef0 JavaThread "Sweeper thread" daemon [_thread_blocked, id=10188, stack(0x0000000a18500000,0x0000000a18600000)]
  0x000001f572857490 JavaThread "Common-Cleaner" daemon [_thread_blocked, id=10712, stack(0x0000000a18600000,0x0000000a18700000)]
=>0x000001f57289e7c0 JavaThread "*** Profiler Agent Communication Thread" daemon [_thread_in_vm, id=16004, stack(0x0000000a18700000,0x0000000a18800000)]
  0x000001f57291e800 JavaThread "*** JFluid Monitor thread ***" daemon [_thread_blocked, id=14876, stack(0x0000000a18800000,0x0000000a18900000)]
  0x000001f572920140 JavaThread "*** Profiler Agent Special Execution Thread 6" daemon [_thread_blocked, id=15140, stack(0x0000000a18900000,0x0000000a18a00000)]
  0x000001f572bec2b0 JavaThread "Notification Thread" daemon [_thread_blocked, id=18380, stack(0x0000000a18a00000,0x0000000a18b00000)]
  0x000001f5735813d0 JavaThread "Java2D Disposer" daemon [_thread_blocked, id=16252, stack(0x0000000a18c00000,0x0000000a18d00000)]
  0x000001f5735ad020 JavaThread "AWT-Shutdown" [_thread_blocked, id=9760, stack(0x0000000a18d00000,0x0000000a18e00000)]
  0x000001f5735ad540 JavaThread "AWT-Windows" daemon [_thread_in_native, id=16272, stack(0x0000000a18e00000,0x0000000a18f00000)]
  0x000001f5735eb390 JavaThread "AWT-EventQueue-0" [_thread_blocked, id=15792, stack(0x0000000a18f00000,0x0000000a19000000)]
  0x000001f573766400 JavaThread "DestroyJavaVM" [_thread_blocked, id=9136, stack(0x0000000a17600000,0x0000000a17700000)]
  0x000001f5737683e0 JavaThread "TimerQueue" daemon [_thread_blocked, id=15692, stack(0x0000000a19000000,0x0000000a19100000)]
  0x000001f573765eb0 JavaThread "mysql-cj-abandoned-connection-cleanup" daemon [_thread_blocked, id=17508, stack(0x0000000a19500000,0x0000000a19600000)]
  0x000001f573766ea0 JavaThread "*** Profiler Agent Special Execution Thread 10" daemon [_thread_blocked, id=17388, stack(0x0000000a17400000,0x0000000a17500000)]

Other Threads:
  0x000001f571c76a80 VMThread "VM Thread" [stack: 0x0000000a17c00000,0x0000000a17d00000] [id=14820] _threads_hazard_ptr=0x000001f57644b930
  0x000001f572bed380 WatcherThread [stack: 0x0000000a18b00000,0x0000000a18c00000] [id=18620]
  0x000001f556ba98b0 GCTaskThread "GC Thread#0" [stack: 0x0000000a17700000,0x0000000a17800000] [id=1504]
  0x000001f576010850 GCTaskThread "GC Thread#1" [stack: 0x0000000a19100000,0x0000000a19200000] [id=9476]
  0x000001f576010b60 GCTaskThread "GC Thread#2" [stack: 0x0000000a19200000,0x0000000a19300000] [id=15040]
  0x000001f573a07110 GCTaskThread "GC Thread#3" [stack: 0x0000000a19300000,0x0000000a19400000] [id=19116]
  0x000001f556bb3780 ConcurrentGCThread "G1 Main Marker" [stack: 0x0000000a17800000,0x0000000a17900000] [id=3816]
  0x000001f556bb4270 ConcurrentGCThread "G1 Conc#0" [stack: 0x0000000a17900000,0x0000000a17a00000] [id=16928]
  0x000001f556c01560 ConcurrentGCThread "G1 Refine#0" [stack: 0x0000000a17a00000,0x0000000a17b00000] [id=9360]
  0x000001f573a3cff0 ConcurrentGCThread "G1 Refine#1" [stack: 0x0000000a19400000,0x0000000a19500000] [id=7404]
  0x000001f556c02060 ConcurrentGCThread "G1 Service" [stack: 0x0000000a17b00000,0x0000000a17c00000] [id=4516]

Threads with active compile tasks:

VM state: synchronizing (normal execution)

VM Mutex/Monitor currently owned by a thread:  ([mutex/lock_event])
[0x000001f556b76fd0] Threads_lock - owner thread: 0x000001f571c76a80

Heap address: 0x00000000c1400000, size: 1004 MB, Compressed Oops mode: 32-bit
CDS archive(s) mapped at: [0x0000000800000000-0x0000000800bb0000-0x0000000800bb0000), size 12255232, SharedBaseAddress: 0x0000000800000000, ArchiveRelocationMode: 0.
Compressed class space mapped at: 0x0000000800c00000-0x0000000840c00000, reserved size: 1073741824
Narrow klass base: 0x0000000800000000, Narrow klass shift: 3, Narrow klass range: 0x100000000

GC Precious Log:
 CPUs: 4 total, 4 available
 Memory: 4013M
 Large Page Support: Disabled
 NUMA Support: Disabled
 Compressed Oops: Enabled (32-bit)
 Heap Region Size: 1M
 Heap Min Capacity: 8M
 Heap Initial Capacity: 64M
 Heap Max Capacity: 1004M
 Pre-touch: Disabled
 Parallel Workers: 4
 Concurrent Workers: 1
 Concurrent Refinement Workers: 4
 Periodic GC: Disabled

Heap:
 garbage-first heap   total 53248K, used 20505K [0x00000000c1400000, 0x0000000100000000)
  region size 1024K, 7 young (7168K), 2 survivors (2048K)
 Metaspace       used 24337K, committed 24640K, reserved 1073152K
  class space    used 2708K, committed 2880K, reserved 1048576K

Heap Regions: E=young(eden), S=young(survivor), O=old, HS=humongous(starts), HC=humongous(continues), CS=collection set, F=free, OA=open archive, CA=closed archive, TAMS=top-at-mark-start (previous, next)
|   0|0x00000000c1400000, 0x00000000c141de00, 0x00000000c1500000| 11%| O|  |TAMS 0x00000000c1400000, 0x00000000c1400000| Untracked 
|   1|0x00000000c1500000, 0x00000000c1600000, 0x00000000c1600000|100%|HS|  |TAMS 0x00000000c1500000, 0x00000000c1500000| Complete 
|   2|0x00000000c1600000, 0x00000000c1700000, 0x00000000c1700000|100%| O|  |TAMS 0x00000000c1700000, 0x00000000c1600000| Untracked 
|   3|0x00000000c1700000, 0x00000000c1800000, 0x00000000c1800000|100%| O|  |TAMS 0x00000000c1800000, 0x00000000c1700000| Untracked 
|   4|0x00000000c1800000, 0x00000000c1900000, 0x00000000c1900000|100%| O|  |TAMS 0x00000000c1900000, 0x00000000c1800000| Untracked 
|   5|0x00000000c1900000, 0x00000000c1a00000, 0x00000000c1a00000|100%|HS|  |TAMS 0x00000000c1a00000, 0x00000000c1900000| Complete 
|   6|0x00000000c1a00000, 0x00000000c1b00000, 0x00000000c1b00000|100%|HC|  |TAMS 0x00000000c1b00000, 0x00000000c1a00000| Complete 
|   7|0x00000000c1b00000, 0x00000000c1c00000, 0x00000000c1c00000|100%| O|  |TAMS 0x00000000c1c00000, 0x00000000c1b00000| Untracked 
|   8|0x00000000c1c00000, 0x00000000c1d00000, 0x00000000c1d00000|100%| O|  |TAMS 0x00000000c1d00000, 0x00000000c1c00000| Untracked 
|   9|0x00000000c1d00000, 0x00000000c1e00000, 0x00000000c1e00000|100%|HS|  |TAMS 0x00000000c1d00000, 0x00000000c1d00000| Complete 
|  10|0x00000000c1e00000, 0x00000000c1f00000, 0x00000000c1f00000|100%|HC|  |TAMS 0x00000000c1e00000, 0x00000000c1e00000| Complete 
|  11|0x00000000c1f00000, 0x00000000c2000000, 0x00000000c2000000|100%| O|  |TAMS 0x00000000c1f00000, 0x00000000c1f00000| Untracked 
|  12|0x00000000c2000000, 0x00000000c2100000, 0x00000000c2100000|100%| O|  |TAMS 0x00000000c2000000, 0x00000000c2000000| Untracked 
|  13|0x00000000c2100000, 0x00000000c2200000, 0x00000000c2200000|100%|HS|  |TAMS 0x00000000c2100000, 0x00000000c2100000| Complete 
|  14|0x00000000c2200000, 0x00000000c2300000, 0x00000000c2300000|100%|HC|  |TAMS 0x00000000c2200000, 0x00000000c2200000| Complete 
|  15|0x00000000c2300000, 0x00000000c2300000, 0x00000000c2400000|  0%| F|  |TAMS 0x00000000c2300000, 0x00000000c2300000| Untracked 
|  16|0x00000000c2400000, 0x00000000c2400000, 0x00000000c2500000|  0%| F|  |TAMS 0x00000000c2400000, 0x00000000c2400000| Untracked 
|  17|0x00000000c2500000, 0x00000000c2600000, 0x00000000c2600000|100%| O|  |TAMS 0x00000000c257a400, 0x00000000c2500000| Untracked 
|  18|0x00000000c2600000, 0x00000000c2600000, 0x00000000c2700000|  0%| F|  |TAMS 0x00000000c2600000, 0x00000000c2600000| Untracked 
|  19|0x00000000c2700000, 0x00000000c2700000, 0x00000000c2800000|  0%| F|  |TAMS 0x00000000c2700000, 0x00000000c2700000| Untracked 
|  20|0x00000000c2800000, 0x00000000c2800000, 0x00000000c2900000|  0%| F|  |TAMS 0x00000000c2800000, 0x00000000c2800000| Untracked 
|  21|0x00000000c2900000, 0x00000000c2900000, 0x00000000c2a00000|  0%| F|  |TAMS 0x00000000c2900000, 0x00000000c2900000| Untracked 
|  22|0x00000000c2a00000, 0x00000000c2a00000, 0x00000000c2b00000|  0%| F|  |TAMS 0x00000000c2a00000, 0x00000000c2a00000| Untracked 
|  23|0x00000000c2b00000, 0x00000000c2b7fd68, 0x00000000c2c00000| 49%| S|CS|TAMS 0x00000000c2b00000, 0x00000000c2b00000| Complete 
|  24|0x00000000c2c00000, 0x00000000c2c00000, 0x00000000c2d00000|  0%| F|  |TAMS 0x00000000c2c00000, 0x00000000c2c00000| Untracked 
|  25|0x00000000c2d00000, 0x00000000c2e00000, 0x00000000c2e00000|100%| S|CS|TAMS 0x00000000c2d00000, 0x00000000c2d00000| Complete 
|  26|0x00000000c2e00000, 0x00000000c2e00000, 0x00000000c2f00000|  0%| F|  |TAMS 0x00000000c2e00000, 0x00000000c2e00000| Untracked 
|  27|0x00000000c2f00000, 0x00000000c2f00000, 0x00000000c3000000|  0%| F|  |TAMS 0x00000000c2f00000, 0x00000000c2f00000| Untracked 
|  28|0x00000000c3000000, 0x00000000c3000000, 0x00000000c3100000|  0%| F|  |TAMS 0x00000000c3000000, 0x00000000c3000000| Untracked 
|  29|0x00000000c3100000, 0x00000000c3100000, 0x00000000c3200000|  0%| F|  |TAMS 0x00000000c3100000, 0x00000000c3100000| Untracked 
|  30|0x00000000c3200000, 0x00000000c3200000, 0x00000000c3300000|  0%| F|  |TAMS 0x00000000c3200000, 0x00000000c3200000| Untracked 
|  31|0x00000000c3300000, 0x00000000c3300000, 0x00000000c3400000|  0%| F|  |TAMS 0x00000000c3300000, 0x00000000c3300000| Untracked 
|  32|0x00000000c3400000, 0x00000000c3400000, 0x00000000c3500000|  0%| F|  |TAMS 0x00000000c3400000, 0x00000000c3400000| Untracked 
|  33|0x00000000c3500000, 0x00000000c3500000, 0x00000000c3600000|  0%| F|  |TAMS 0x00000000c3500000, 0x00000000c3500000| Untracked 
|  34|0x00000000c3600000, 0x00000000c3600000, 0x00000000c3700000|  0%| F|  |TAMS 0x00000000c3600000, 0x00000000c3600000| Untracked 
|  35|0x00000000c3700000, 0x00000000c3700000, 0x00000000c3800000|  0%| F|  |TAMS 0x00000000c3700000, 0x00000000c3700000| Untracked 
|  36|0x00000000c3800000, 0x00000000c3800000, 0x00000000c3900000|  0%| F|  |TAMS 0x00000000c3800000, 0x00000000c3800000| Untracked 
|  37|0x00000000c3900000, 0x00000000c3900000, 0x00000000c3a00000|  0%| F|  |TAMS 0x00000000c3900000, 0x00000000c3900000| Untracked 
|  38|0x00000000c3a00000, 0x00000000c3a00000, 0x00000000c3b00000|  0%| F|  |TAMS 0x00000000c3a00000, 0x00000000c3a00000| Untracked 
|  39|0x00000000c3b00000, 0x00000000c3b00000, 0x00000000c3c00000|  0%| F|  |TAMS 0x00000000c3b00000, 0x00000000c3b00000| Untracked 
|  40|0x00000000c3c00000, 0x00000000c3c00000, 0x00000000c3d00000|  0%| F|  |TAMS 0x00000000c3c00000, 0x00000000c3c00000| Untracked 
|  41|0x00000000c3d00000, 0x00000000c3d00000, 0x00000000c3e00000|  0%| F|  |TAMS 0x00000000c3d00000, 0x00000000c3d00000| Untracked 
|  42|0x00000000c3e00000, 0x00000000c3e00000, 0x00000000c3f00000|  0%| F|  |TAMS 0x00000000c3e00000, 0x00000000c3e00000| Untracked 
|  43|0x00000000c3f00000, 0x00000000c3f00000, 0x00000000c4000000|  0%| F|  |TAMS 0x00000000c3f00000, 0x00000000c3f00000| Untracked 
|  44|0x00000000c4000000, 0x00000000c4000000, 0x00000000c4100000|  0%| F|  |TAMS 0x00000000c4000000, 0x00000000c4000000| Untracked 
|  45|0x00000000c4100000, 0x00000000c4100000, 0x00000000c4200000|  0%| F|  |TAMS 0x00000000c4100000, 0x00000000c4100000| Untracked 
|  46|0x00000000c4200000, 0x00000000c4300000, 0x00000000c4300000|100%| E|  |TAMS 0x00000000c4200000, 0x00000000c4200000| Complete 
|  58|0x00000000c4e00000, 0x00000000c4f00000, 0x00000000c4f00000|100%| E|  |TAMS 0x00000000c4e00000, 0x00000000c4e00000| Complete 
|  59|0x00000000c4f00000, 0x00000000c5000000, 0x00000000c5000000|100%| E|CS|TAMS 0x00000000c4f00000, 0x00000000c4f00000| Complete 
|  60|0x00000000c5000000, 0x00000000c5100000, 0x00000000c5100000|100%| E|CS|TAMS 0x00000000c5000000, 0x00000000c5000000| Complete 
|  63|0x00000000c5300000, 0x00000000c5400000, 0x00000000c5400000|100%| E|CS|TAMS 0x00000000c5300000, 0x00000000c5300000| Complete 
|1003|0x00000000fff00000, 0x00000000fff68a00, 0x0000000100000000| 40%| O|  |TAMS 0x00000000fff00000, 0x00000000fff00000| Untracked 

Card table byte_map: [0x000001f56d4f0000,0x000001f56d6f0000] _byte_map_base: 0x000001f56cee6000

Marking Bits (Prev, Next): (CMBitMap*) 0x000001f556baaff0, (CMBitMap*) 0x000001f556baafb0
 Prev Bits: [0x000001f56e8a0000, 0x000001f56f850000)
 Next Bits: [0x000001f56d8f0000, 0x000001f56e8a0000)

Polling page: 0x000001f5549b0000

Metaspace:

Usage:
  Non-class:     21.12 MB used.
      Class:      2.64 MB used.
       Both:     23.77 MB used.

Virtual space:
  Non-class space:       24.00 MB reserved,      21.25 MB ( 89%) committed,  3 nodes.
      Class space:        1.00 GB reserved,       2.81 MB ( <1%) committed,  1 nodes.
              Both:        1.02 GB reserved,      24.06 MB (  2%) committed. 

Chunk freelists:
   Non-Class:  2.59 MB
       Class:  1.17 MB
        Both:  3.76 MB

MaxMetaspaceSize: 17179869184.00 GB
CompressedClassSpaceSize: 1.00 GB
 - commit_granule_bytes: 65536.
 - commit_granule_words: 8192.
 - virtual_space_node_default_size: 1048576.
 - enlarge_chunks_in_place: 1.
 - new_chunks_are_fully_committed: 0.
 - uncommit_free_chunks: 1.
 - use_allocation_guard: 0.
 - handle_deallocations: 1.


Internal statistics:

num_allocs_failed_limit: 3.
num_arena_births: 184.
num_arena_deaths: 2.
num_vsnodes_births: 4.
num_vsnodes_deaths: 0.
num_space_committed: 385.
num_space_uncommitted: 0.
num_chunks_returned_to_freelist: 5.
num_chunks_taken_from_freelist: 407.
num_chunk_merges: 3.
num_chunk_splits: 251.
num_chunks_enlarged: 151.
num_purges: 2.

CodeHeap 'non-profiled nmethods': size=120000Kb used=1478Kb max_used=1478Kb free=118521Kb
 bounds [0x000001f565dc0000, 0x000001f566030000, 0x000001f56d2f0000]
CodeHeap 'profiled nmethods': size=120000Kb used=6675Kb max_used=6675Kb free=113324Kb
 bounds [0x000001f55e890000, 0x000001f55ef20000, 0x000001f565dc0000]
CodeHeap 'non-nmethods': size=5760Kb used=1427Kb max_used=1464Kb free=4332Kb
 bounds [0x000001f55e2f0000, 0x000001f55e560000, 0x000001f55e890000]
 total_blobs=4020 nmethods=3236 adapters=695
 compilation: enabled
              stopped_count=0, restarted_count=0
 full_count=0

Compilation events (20 events):
Event: 356.088 Thread 0x000001f571c9ff50 3231       3       jdk.internal.misc.Unsafe::getLongUnaligned (173 bytes)
Event: 356.088 Thread 0x000001f571c9ff50 nmethod 3231 0x000001f55ef12610 code [0x000001f55ef12800, 0x000001f55ef12c28]
Event: 356.103 Thread 0x000001f571c9ff50 3232       3       java.lang.Long::hashCode (8 bytes)
Event: 356.103 Thread 0x000001f571c9ff50 nmethod 3232 0x000001f55ef12d10 code [0x000001f55ef12ec0, 0x000001f55ef13008]
Event: 356.103 Thread 0x000001f571c9ff50 3233       3       java.lang.Long::hashCode (8 bytes)
Event: 356.103 Thread 0x000001f571c9ff50 nmethod 3233 0x000001f55ef13090 code [0x000001f55ef13220, 0x000001f55ef13318]
Event: 356.151 Thread 0x000001f571c9ff50 3234       1       java.lang.Thread::getId (5 bytes)
Event: 356.151 Thread 0x000001f571c9ff50 nmethod 3234 0x000001f565f31010 code [0x000001f565f311a0, 0x000001f565f31278]
Event: 356.446 Thread 0x000001f571c9ff50 3235       3       jdk.internal.util.ArraysSupport::vectorizedMismatch (268 bytes)
Event: 356.446 Thread 0x000001f571c9ff50 nmethod 3235 0x000001f55ef13390 code [0x000001f55ef13580, 0x000001f55ef139d8]
Event: 356.477 Thread 0x000001f571c9ff50 3237       3       jdk.internal.util.ArraysSupport::mismatch (72 bytes)
Event: 356.477 Thread 0x000001f571c9ff50 nmethod 3237 0x000001f55ef13b90 code [0x000001f55ef13d60, 0x000001f55ef14178]
Event: 356.477 Thread 0x000001f571c9ff50 3236       3       java.util.Arrays::equals (43 bytes)
Event: 356.477 Thread 0x000001f571c9ff50 nmethod 3236 0x000001f55ef14390 code [0x000001f55ef14560, 0x000001f55ef14848]
Event: 356.493 Thread 0x000001f571c9f460 3238       4       java.lang.Long::hashCode (8 bytes)
Event: 356.494 Thread 0x000001f571c9f460 nmethod 3238 0x000001f565f31310 code [0x000001f565f31480, 0x000001f565f314f8]
Event: 356.699 Thread 0x000001f571c9ff50 3239       3       org.netbeans.lib.profiler.server.ProfilerRuntimeSampler$Sampling::writeThreadInfoNoChange (86 bytes)
Event: 356.700 Thread 0x000001f571c9ff50 nmethod 3239 0x000001f55ef14910 code [0x000001f55ef14ae0, 0x000001f55ef14e08]
Event: 356.795 Thread 0x000001f571c9f460 3240       4       java.lang.Integer::<init> (10 bytes)
Event: 356.795 Thread 0x000001f571c9f460 nmethod 3240 0x000001f565f31610 code [0x000001f565f31780, 0x000001f565f317f8]

GC Heap History (18 events):
Event: 1.488 GC heap before
{Heap before GC invocations=0 (full 0):
 garbage-first heap   total 65536K, used 15360K [0x00000000c1400000, 0x0000000100000000)
  region size 1024K, 13 young (13312K), 0 survivors (0K)
 Metaspace       used 13230K, committed 13504K, reserved 1064960K
  class space    used 1566K, committed 1728K, reserved 1048576K
}
Event: 1.495 GC heap after
{Heap after GC invocations=1 (full 0):
 garbage-first heap   total 65536K, used 6566K [0x00000000c1400000, 0x0000000100000000)
  region size 1024K, 2 young (2048K), 2 survivors (2048K)
 Metaspace       used 13230K, committed 13504K, reserved 1064960K
  class space    used 1566K, committed 1728K, reserved 1048576K
}
Event: 1.834 GC heap before
{Heap before GC invocations=1 (full 0):
 garbage-first heap   total 65536K, used 11686K [0x00000000c1400000, 0x0000000100000000)
  region size 1024K, 5 young (5120K), 2 survivors (2048K)
 Metaspace       used 15484K, committed 15744K, reserved 1064960K
  class space    used 1796K, committed 1920K, reserved 1048576K
}
Event: 1.839 GC heap after
{Heap after GC invocations=2 (full 0):
 garbage-first heap   total 65536K, used 9845K [0x00000000c1400000, 0x0000000100000000)
  region size 1024K, 1 young (1024K), 1 survivors (1024K)
 Metaspace       used 15484K, committed 15744K, reserved 1064960K
  class space    used 1796K, committed 1920K, reserved 1048576K
}
Event: 40.282 GC heap before
{Heap before GC invocations=2 (full 0):
 garbage-first heap   total 65536K, used 38517K [0x00000000c1400000, 0x0000000100000000)
  region size 1024K, 22 young (22528K), 1 survivors (1024K)
 Metaspace       used 19749K, committed 20032K, reserved 1073152K
  class space    used 2172K, committed 2304K, reserved 1048576K
}
Event: 40.286 GC heap after
{Heap after GC invocations=3 (full 0):
 garbage-first heap   total 65536K, used 12777K [0x00000000c1400000, 0x0000000100000000)
  region size 1024K, 3 young (3072K), 3 survivors (3072K)
 Metaspace       used 19749K, committed 20032K, reserved 1073152K
  class space    used 2172K, committed 2304K, reserved 1048576K
}
Event: 40.402 GC heap before
{Heap before GC invocations=3 (full 0):
 garbage-first heap   total 65536K, used 14825K [0x00000000c1400000, 0x0000000100000000)
  region size 1024K, 6 young (6144K), 3 survivors (3072K)
 Metaspace       used 21016K, committed 21248K, reserved 1073152K
  class space    used 2313K, committed 2432K, reserved 1048576K
}
Event: 40.405 GC heap after
{Heap after GC invocations=4 (full 0):
 garbage-first heap   total 65536K, used 13292K [0x00000000c1400000, 0x0000000100000000)
  region size 1024K, 3 young (3072K), 3 survivors (3072K)
 Metaspace       used 21016K, committed 21248K, reserved 1073152K
  class space    used 2313K, committed 2432K, reserved 1048576K
}
Event: 201.768 GC heap before
{Heap before GC invocations=5 (full 0):
 garbage-first heap   total 51200K, used 46060K [0x00000000c1400000, 0x0000000100000000)
  region size 1024K, 33 young (33792K), 3 survivors (3072K)
 Metaspace       used 24267K, committed 24512K, reserved 1073152K
  class space    used 2705K, committed 2816K, reserved 1048576K
}
Event: 201.772 GC heap after
{Heap after GC invocations=6 (full 0):
 garbage-first heap   total 53248K, used 15492K [0x00000000c1400000, 0x0000000100000000)
  region size 1024K, 2 young (2048K), 2 survivors (2048K)
 Metaspace       used 24267K, committed 24512K, reserved 1073152K
  class space    used 2705K, committed 2816K, reserved 1048576K
}
Event: 235.603 GC heap before
{Heap before GC invocations=6 (full 0):
 garbage-first heap   total 53248K, used 35972K [0x00000000c1400000, 0x0000000100000000)
  region size 1024K, 23 young (23552K), 2 survivors (2048K)
 Metaspace       used 24278K, committed 24512K, reserved 1073152K
  class space    used 2705K, committed 2816K, reserved 1048576K
}
Event: 235.605 GC heap after
{Heap after GC invocations=7 (full 0):
 garbage-first heap   total 53248K, used 15146K [0x00000000c1400000, 0x0000000100000000)
  region size 1024K, 2 young (2048K), 2 survivors (2048K)
 Metaspace       used 24278K, committed 24512K, reserved 1073152K
  class space    used 2705K, committed 2816K, reserved 1048576K
}
Event: 271.012 GC heap before
{Heap before GC invocations=7 (full 0):
 garbage-first heap   total 53248K, used 36650K [0x00000000c1400000, 0x0000000100000000)
  region size 1024K, 24 young (24576K), 2 survivors (2048K)
 Metaspace       used 24291K, committed 24512K, reserved 1073152K
  class space    used 2705K, committed 2816K, reserved 1048576K
}
Event: 271.013 GC heap after
{Heap after GC invocations=8 (full 0):
 garbage-first heap   total 53248K, used 15120K [0x00000000c1400000, 0x0000000100000000)
  region size 1024K, 2 young (2048K), 2 survivors (2048K)
 Metaspace       used 24291K, committed 24512K, reserved 1073152K
  class space    used 2705K, committed 2816K, reserved 1048576K
}
Event: 307.940 GC heap before
{Heap before GC invocations=8 (full 0):
 garbage-first heap   total 53248K, used 37648K [0x00000000c1400000, 0x0000000100000000)
  region size 1024K, 25 young (25600K), 2 survivors (2048K)
 Metaspace       used 24291K, committed 24512K, reserved 1073152K
  class space    used 2705K, committed 2816K, reserved 1048576K
}
Event: 307.942 GC heap after
{Heap after GC invocations=9 (full 0):
 garbage-first heap   total 53248K, used 15124K [0x00000000c1400000, 0x0000000100000000)
  region size 1024K, 2 young (2048K), 2 survivors (2048K)
 Metaspace       used 24291K, committed 24512K, reserved 1073152K
  class space    used 2705K, committed 2816K, reserved 1048576K
}
Event: 346.415 GC heap before
{Heap before GC invocations=9 (full 0):
 garbage-first heap   total 53248K, used 38676K [0x00000000c1400000, 0x0000000100000000)
  region size 1024K, 26 young (26624K), 2 survivors (2048K)
 Metaspace       used 24311K, committed 24576K, reserved 1073152K
  class space    used 2705K, committed 2816K, reserved 1048576K
}
Event: 346.417 GC heap after
{Heap after GC invocations=10 (full 0):
 garbage-first heap   total 53248K, used 15385K [0x00000000c1400000, 0x0000000100000000)
  region size 1024K, 2 young (2048K), 2 survivors (2048K)
 Metaspace       used 24311K, committed 24576K, reserved 1073152K
  class space    used 2705K, committed 2816K, reserved 1048576K
}

Deoptimization events (20 events):
Event: 167.757 Thread 0x000001f57289e7c0 DEOPT PACKING pc=0x000001f55ed28a8f sp=0x0000000a187fe4f0
Event: 167.757 Thread 0x000001f57289e7c0 DEOPT UNPACKING pc=0x000001f55e33dece sp=0x0000000a187fda58 mode 0
Event: 167.758 Thread 0x000001f57289e7c0 DEOPT PACKING pc=0x000001f55ed28a8f sp=0x0000000a187fe510
Event: 167.758 Thread 0x000001f57289e7c0 DEOPT UNPACKING pc=0x000001f55e33dece sp=0x0000000a187fda78 mode 0
Event: 167.758 Thread 0x000001f57289e7c0 DEOPT PACKING pc=0x000001f55ed28a8f sp=0x0000000a187fe510
Event: 167.758 Thread 0x000001f57289e7c0 DEOPT UNPACKING pc=0x000001f55e33dece sp=0x0000000a187fda78 mode 0
Event: 167.759 Thread 0x000001f57289e7c0 DEOPT PACKING pc=0x000001f55ed28a8f sp=0x0000000a187fe510
Event: 167.759 Thread 0x000001f57289e7c0 DEOPT UNPACKING pc=0x000001f55e33dece sp=0x0000000a187fda78 mode 0
Event: 167.760 Thread 0x000001f57289e7c0 DEOPT PACKING pc=0x000001f55ed28a8f sp=0x0000000a187fe4f0
Event: 167.760 Thread 0x000001f57289e7c0 DEOPT UNPACKING pc=0x000001f55e33dece sp=0x0000000a187fda58 mode 0
Event: 167.760 Thread 0x000001f57289e7c0 DEOPT PACKING pc=0x000001f55ed28a8f sp=0x0000000a187fe4f0
Event: 167.760 Thread 0x000001f57289e7c0 DEOPT UNPACKING pc=0x000001f55e33dece sp=0x0000000a187fda58 mode 0
Event: 167.761 Thread 0x000001f57289e7c0 DEOPT PACKING pc=0x000001f55ed28a8f sp=0x0000000a187fe510
Event: 167.761 Thread 0x000001f57289e7c0 DEOPT UNPACKING pc=0x000001f55e33dece sp=0x0000000a187fda78 mode 0
Event: 180.141 Thread 0x000001f57289e7c0 DEOPT PACKING pc=0x000001f55eeeac29 sp=0x0000000a187febb0
Event: 180.141 Thread 0x000001f57289e7c0 DEOPT UNPACKING pc=0x000001f55e33dece sp=0x0000000a187fe0c0 mode 0
Event: 223.302 Thread 0x000001f57289e7c0 DEOPT PACKING pc=0x000001f55eef9f22 sp=0x0000000a187fea50
Event: 223.302 Thread 0x000001f57289e7c0 DEOPT UNPACKING pc=0x000001f55e33dece sp=0x0000000a187fdf68 mode 0
Event: 224.829 Thread 0x000001f57289e7c0 DEOPT PACKING pc=0x000001f55eef6f87 sp=0x0000000a187feb70
Event: 224.829 Thread 0x000001f57289e7c0 DEOPT UNPACKING pc=0x000001f55e33dece sp=0x0000000a187fe010 mode 0

Classes unloaded (1 events):
Event: 40.421 Thread 0x000001f571c76a80 Unloading class 0x0000000800c0a000 'org/netbeans/lib/profiler/ConstructorTest'

Classes redefined (0 events):
No events

Internal exceptions (20 events):
Event: 1.201 Thread 0x000001f556b79b70 Exception <a 'java/lang/ClassNotFoundException'{0x00000000c4bcdf08}: com/sun/swing/internal/plaf/basic/resources/spi/basicProvider> (0x00000000c4bcdf08) 
thrown [t:\workspace\open\src\hotspot\share\classfile\systemDictionary.cpp, line 256]
Event: 1.225 Thread 0x000001f5735eb390 Exception <a 'java/lang/ClassNotFoundException'{0x00000000c4a523f8}: com/sun/swing/internal/plaf/synth/resources/spi/synthProvider> (0x00000000c4a523f8) 
thrown [t:\workspace\open\src\hotspot\share\classfile\systemDictionary.cpp, line 256]
Event: 1.254 Thread 0x000001f5735eb390 Exception <a 'sun/nio/fs/WindowsException'{0x00000000c4ae8f70}> (0x00000000c4ae8f70) 
thrown [t:\workspace\open\src\hotspot\share\prims\jni.cpp, line 579]
Event: 1.260 Thread 0x000001f5735eb390 Exception <a 'sun/nio/fs/WindowsException'{0x00000000c4af1098}> (0x00000000c4af1098) 
thrown [t:\workspace\open\src\hotspot\share\prims\jni.cpp, line 579]
Event: 1.594 Thread 0x000001f573766950 Exception <a 'java/lang/NoSuchMethodError'{0x00000000c52a1df8}: 'java.lang.Object java.lang.invoke.DirectMethodHandle$Holder.newInvokeSpecial(java.lang.Object, java.lang.Object, java.lang.Object, int, int, int, int, int)'> (0x00000000c52a1df8) 
thrown [t:\workspace\open\src\hotspot\share\interpreter\linkResolver.cpp, line 790]
Event: 1.627 Thread 0x000001f5735ad540 Exception <a 'java/lang/NoSuchMethodError'{0x00000000c52b7ee8}: 'void java.lang.invoke.DirectMethodHandle$Holder.invokeVirtual(java.lang.Object, java.lang.Object)'> (0x00000000c52b7ee8) 
thrown [t:\workspace\open\src\hotspot\share\interpreter\linkResolver.cpp, line 790]
Event: 1.651 Thread 0x000001f5735eb390 Exception <a 'java/lang/NoSuchMethodError'{0x00000000c52e6d10}: 'void java.lang.invoke.DirectMethodHandle$Holder.invokeStaticInit(java.lang.Object)'> (0x00000000c52e6d10) 
thrown [t:\workspace\open\src\hotspot\share\interpreter\linkResolver.cpp, line 790]
Event: 37.082 Thread 0x000001f5735eb390 Implicit null exception at 0x000001f565e7724e to 0x000001f565e7774e
Event: 37.083 Thread 0x000001f5735eb390 Implicit null exception at 0x000001f565e70ec8 to 0x000001f565e71430
Event: 37.083 Thread 0x000001f5735eb390 Implicit null exception at 0x000001f565e7724e to 0x000001f565e7774e
Event: 37.083 Thread 0x000001f5735eb390 Implicit null exception at 0x000001f565e70ec8 to 0x000001f565e71430
Event: 37.083 Thread 0x000001f5735eb390 Implicit null exception at 0x000001f565e7724e to 0x000001f565e7774e
Event: 40.015 Thread 0x000001f5735eb390 Exception <a 'java/lang/NoSuchMethodError'{0x00000000c4456a18}: 'java.lang.Object java.lang.invoke.DirectMethodHandle$Holder.invokeVirtual(java.lang.Object, java.lang.Object, java.lang.Object)'> (0x00000000c4456a18) 
thrown [t:\workspace\open\src\hotspot\share\interpreter\linkResolver.cpp, line 790]
Event: 40.144 Thread 0x000001f5735eb390 Exception <a 'java/lang/NoSuchMethodError'{0x00000000c407ce18}: 'void java.lang.invoke.DirectMethodHandle$Holder.invokeStaticInit(java.lang.Object, java.lang.Object)'> (0x00000000c407ce18) 
thrown [t:\workspace\open\src\hotspot\share\interpreter\linkResolver.cpp, line 790]
Event: 40.250 Thread 0x000001f5735eb390 Exception <a 'sun/nio/fs/WindowsException'{0x00000000c3e936f8}> (0x00000000c3e936f8) 
thrown [t:\workspace\open\src\hotspot\share\prims\jni.cpp, line 579]
Event: 40.270 Thread 0x000001f5735eb390 Exception <a 'java/lang/NoSuchMethodError'{0x00000000c3ebd678}: 'int java.lang.invoke.DirectMethodHandle$Holder.invokeStaticInit(java.lang.Object, java.lang.Object, java.lang.Object, java.lang.Object)'> (0x00000000c3ebd678) 
thrown [t:\workspace\open\src\hotspot\share\interpreter\linkResolver.cpp, line 790]
Event: 40.271 Thread 0x000001f5735eb390 Exception <a 'java/lang/IncompatibleClassChangeError'{0x00000000c3ec6fd0}: Found class java.lang.Object, but interface was expected> (0x00000000c3ec6fd0) 
thrown [t:\workspace\open\src\hotspot\share\interpreter\linkResolver.cpp, line 857]
Event: 40.272 Thread 0x000001f5735eb390 Exception <a 'java/lang/NoSuchMethodError'{0x00000000c3eccb60}: 'int java.lang.invoke.DirectMethodHandle$Holder.invokeStaticInit(java.lang.Object, java.lang.Object)'> (0x00000000c3eccb60) 
thrown [t:\workspace\open\src\hotspot\share\interpreter\linkResolver.cpp, line 790]
Event: 40.729 Thread 0x000001f5735eb390 Exception <a 'java/io/IOException'{0x00000000c3e5b9f8}> (0x00000000c3e5b9f8) 
thrown [t:\workspace\open\src\hotspot\share\prims\jni.cpp, line 579]
Event: 40.774 Thread 0x000001f5735eb390 Exception <a 'java/lang/NoSuchMethodError'{0x00000000c3e98410}: 'int java.lang.invoke.DirectMethodHandle$Holder.invokeStatic(java.lang.Object)'> (0x00000000c3e98410) 
thrown [t:\workspace\open\src\hotspot\share\interpreter\linkResolver.cpp, line 790]

Events (20 events):
Event: 356.870 Executing  VM operation: GetAllStackTraces
Event: 356.871 Executing  VM operation: GetAllStackTraces done
Event: 356.886 Executing  VM operation: GetAllStackTraces
Event: 356.887 Executing  VM operation: GetAllStackTraces done
Event: 356.902 Executing  VM operation: GetAllStackTraces
Event: 356.903 Executing  VM operation: GetAllStackTraces done
Event: 356.918 Executing  VM operation: GetAllStackTraces
Event: 356.918 Executing  VM operation: GetAllStackTraces done
Event: 356.933 Executing  VM operation: GetAllStackTraces
Event: 356.934 Executing  VM operation: GetAllStackTraces done
Event: 356.949 Executing  VM operation: GetAllStackTraces
Event: 356.950 Executing  VM operation: GetAllStackTraces done
Event: 356.965 Executing  VM operation: GetAllStackTraces
Event: 356.966 Executing  VM operation: GetAllStackTraces done
Event: 356.980 Executing  VM operation: GetAllStackTraces
Event: 356.981 Executing  VM operation: GetAllStackTraces done
Event: 356.996 Executing  VM operation: GetAllStackTraces
Event: 356.997 Executing  VM operation: GetAllStackTraces done
Event: 356.997 loading class org/netbeans/lib/profiler/wireprotocol/GetMethodNamesForJMethodIdsCommand
Event: 356.997 loading class org/netbeans/lib/profiler/wireprotocol/GetMethodNamesForJMethodIdsCommand done


Dynamic libraries:
0x00007ff6d4360000 - 0x00007ff6d4370000 	C:\Program Files\Java\jdk-16\bin\java.exe
0x00007ffaeafb0000 - 0x00007ffaeb1a5000 	C:\WINDOWS\SYSTEM32\ntdll.dll
0x00007ffaea9c0000 - 0x00007ffaeaa7d000 	C:\WINDOWS\System32\KERNEL32.DLL
0x00007ffae8ce0000 - 0x00007ffae8fa8000 	C:\WINDOWS\System32\KERNELBASE.dll
0x00007ffae8b90000 - 0x00007ffae8c90000 	C:\WINDOWS\System32\ucrtbase.dll
0x00007ffad4d20000 - 0x00007ffad4d39000 	C:\Program Files\Java\jdk-16\bin\VCRUNTIME140.dll
0x00007ffae0ab0000 - 0x00007ffae0ac8000 	C:\Program Files\Java\jdk-16\bin\jli.dll
0x00007ffaea0d0000 - 0x00007ffaea17c000 	C:\WINDOWS\System32\ADVAPI32.dll
0x00007ffaea030000 - 0x00007ffaea0ce000 	C:\WINDOWS\System32\msvcrt.dll
0x00007ffaeab90000 - 0x00007ffaeac2b000 	C:\WINDOWS\System32\sechost.dll
0x00007ffae9f00000 - 0x00007ffaea02b000 	C:\WINDOWS\System32\RPCRT4.dll
0x00007ffaeac30000 - 0x00007ffaeadd0000 	C:\WINDOWS\System32\USER32.dll
0x00007ffad1810000 - 0x00007ffad1aaa000 	C:\WINDOWS\WinSxS\amd64_microsoft.windows.common-controls_6595b64144ccf1df_6.0.19041.844_none_ca00b6081b84eb1d\COMCTL32.dll
0x00007ffae86f0000 - 0x00007ffae8712000 	C:\WINDOWS\System32\win32u.dll
0x00007ffae97e0000 - 0x00007ffae980a000 	C:\WINDOWS\System32\GDI32.dll
0x00007ffae8800000 - 0x00007ffae890b000 	C:\WINDOWS\System32\gdi32full.dll
0x00007ffae8af0000 - 0x00007ffae8b8d000 	C:\WINDOWS\System32\msvcp_win.dll
0x00007ffad4cb0000 - 0x00007ffad4cba000 	C:\WINDOWS\SYSTEM32\VERSION.dll
0x00007ffae99c0000 - 0x00007ffae99f0000 	C:\WINDOWS\System32\IMM32.DLL
0x00007ffae27a0000 - 0x00007ffae27ac000 	C:\Program Files\Java\jdk-16\bin\vcruntime140_1.dll
0x00007ffad4400000 - 0x00007ffad4491000 	C:\Program Files\Java\jdk-16\bin\msvcp140.dll
0x00007ffa81620000 - 0x00007ffa821cb000 	C:\Program Files\Java\jdk-16\bin\server\jvm.dll
0x00007ffae9e90000 - 0x00007ffae9e98000 	C:\WINDOWS\System32\PSAPI.DLL
0x00007ffae27b0000 - 0x00007ffae27b9000 	C:\WINDOWS\SYSTEM32\WSOCK32.dll
0x00007ffacfc50000 - 0x00007ffacfc77000 	C:\WINDOWS\SYSTEM32\WINMM.dll
0x00007ffae9630000 - 0x00007ffae969b000 	C:\WINDOWS\System32\WS2_32.dll
0x00007ffae6fc0000 - 0x00007ffae6fd2000 	C:\WINDOWS\SYSTEM32\kernel.appcore.dll
0x00007ffad5050000 - 0x00007ffad505a000 	C:\Program Files\Java\jdk-16\bin\jimage.dll
0x00007ffae64c0000 - 0x00007ffae66a4000 	C:\WINDOWS\SYSTEM32\DBGHELP.DLL
0x00007ffac7fc0000 - 0x00007ffac7fec000 	C:\WINDOWS\SYSTEM32\dbgcore.DLL
0x00007ffae8a70000 - 0x00007ffae8af0000 	C:\WINDOWS\System32\bcryptPrimitives.dll
0x00007ffae2830000 - 0x00007ffae283f000 	C:\Program Files\NetBeans-12.3\netbeans\profiler\lib\deployed\jdk16\windows-amd64\profilerinterface.dll
0x00007ffad4500000 - 0x00007ffad4525000 	C:\Program Files\Java\jdk-16\bin\java.dll
0x00007ffad44a0000 - 0x00007ffad44b8000 	C:\Program Files\Java\jdk-16\bin\zip.dll
0x00007ffaea270000 - 0x00007ffaea9b2000 	C:\WINDOWS\System32\SHELL32.dll
0x00007ffae6820000 - 0x00007ffae6fb0000 	C:\WINDOWS\SYSTEM32\windows.storage.dll
0x00007ffae9b30000 - 0x00007ffae9e85000 	C:\WINDOWS\System32\combase.dll
0x00007ffae8110000 - 0x00007ffae813c000 	C:\WINDOWS\SYSTEM32\Wldp.dll
0x00007ffaeaae0000 - 0x00007ffaeab8e000 	C:\WINDOWS\System32\SHCORE.dll
0x00007ffae9ea0000 - 0x00007ffae9ef5000 	C:\WINDOWS\System32\shlwapi.dll
0x00007ffae8630000 - 0x00007ffae864f000 	C:\WINDOWS\SYSTEM32\profapi.dll
0x00007ffad44e0000 - 0x00007ffad44f9000 	C:\Program Files\Java\jdk-16\bin\net.dll
0x00007ffadf070000 - 0x00007ffadf17b000 	C:\WINDOWS\SYSTEM32\WINHTTP.dll
0x00007ffae7e60000 - 0x00007ffae7eca000 	C:\WINDOWS\system32\mswsock.dll
0x00007ffad44c0000 - 0x00007ffad44d3000 	C:\Program Files\Java\jdk-16\bin\nio.dll
0x00007ffadbe40000 - 0x00007ffadbe49000 	C:\Program Files\Java\jdk-16\bin\management.dll
0x00007ffadbe30000 - 0x00007ffadbe3b000 	C:\Program Files\Java\jdk-16\bin\management_ext.dll
0x00007ffae8030000 - 0x00007ffae8048000 	C:\WINDOWS\SYSTEM32\CRYPTSP.dll
0x00007ffae77a0000 - 0x00007ffae77d4000 	C:\WINDOWS\system32\rsaenh.dll
0x00007ffae87d0000 - 0x00007ffae87f7000 	C:\WINDOWS\System32\bcrypt.dll
0x00007ffae85b0000 - 0x00007ffae85de000 	C:\WINDOWS\SYSTEM32\USERENV.dll
0x00007ffae8050000 - 0x00007ffae805c000 	C:\WINDOWS\SYSTEM32\CRYPTBASE.dll
0x00007ffae7b50000 - 0x00007ffae7b8b000 	C:\WINDOWS\SYSTEM32\IPHLPAPI.DLL
0x00007ffaeaf60000 - 0x00007ffaeaf68000 	C:\WINDOWS\System32\NSI.dll
0x00007ffad5b00000 - 0x00007ffad5b17000 	C:\WINDOWS\SYSTEM32\dhcpcsvc6.DLL
0x00007ffad5e70000 - 0x00007ffad5e8d000 	C:\WINDOWS\SYSTEM32\dhcpcsvc.DLL
0x00007ffae7b90000 - 0x00007ffae7c5c000 	C:\WINDOWS\SYSTEM32\DNSAPI.dll
0x00007ffa99c30000 - 0x00007ffa99db0000 	C:\Program Files\Java\jdk-16\bin\awt.dll
0x00007ffae9560000 - 0x00007ffae962d000 	C:\WINDOWS\System32\OLEAUT32.dll
0x00007ffae29d0000 - 0x00007ffae2a60000 	C:\WINDOWS\SYSTEM32\apphelp.dll
0x00007ffae5c60000 - 0x00007ffae5cfe000 	C:\WINDOWS\system32\uxtheme.dll
0x00007ffae99f0000 - 0x00007ffae9b05000 	C:\WINDOWS\System32\MSCTF.dll
0x00007ffaeae30000 - 0x00007ffaeaf5a000 	C:\WINDOWS\System32\ole32.dll
0x00007ffae5e90000 - 0x00007ffae5ebf000 	C:\WINDOWS\system32\DWMAPI.DLL
0x00007ffab18d0000 - 0x00007ffab1959000 	C:\Program Files\Java\jdk-16\bin\freetype.dll
0x00007ffa99680000 - 0x00007ffa99776000 	C:\Program Files\Java\jdk-16\bin\harfbuzz.dll
0x00007ffad43b0000 - 0x00007ffad43c2000 	C:\Program Files\Java\jdk-16\bin\fontmanager.dll
0x00007ffa832c0000 - 0x00007ffa833e6000 	C:\WINDOWS\system32\opengl32.dll
0x00007ffad43d0000 - 0x00007ffad43fc000 	C:\WINDOWS\SYSTEM32\GLU32.dll
0x00007ffad4b70000 - 0x00007ffad4b80000 	C:\Program Files\Java\jdk-16\bin\verify.dll
0x00007ffae9730000 - 0x00007ffae97d9000 	C:\WINDOWS\System32\clbcatq.dll
0x00007ffadf580000 - 0x00007ffadf734000 	C:\WINDOWS\SYSTEM32\WindowsCodecs.dll
0x00007ffad26e0000 - 0x00007ffad271e000 	C:\WINDOWS\system32\dataexchange.dll
0x00007ffae1460000 - 0x00007ffae16c4000 	C:\WINDOWS\system32\d3d11.dll
0x00007ffae7150000 - 0x00007ffae7244000 	C:\WINDOWS\system32\dxgi.dll
0x00007ffae1dd0000 - 0x00007ffae1fb5000 	C:\WINDOWS\system32\dcomp.dll
0x00007ffadf760000 - 0x00007ffadf961000 	C:\WINDOWS\system32\twinapi.appcore.dll
0x00007ffad3e40000 - 0x00007ffad3f39000 	C:\WINDOWS\SYSTEM32\textinputframework.dll
0x00007ffae2340000 - 0x00007ffae269e000 	C:\WINDOWS\System32\CoreUIComponents.dll
0x00007ffae26a0000 - 0x00007ffae2792000 	C:\WINDOWS\System32\CoreMessaging.dll
0x00007ffae1c70000 - 0x00007ffae1dc4000 	C:\WINDOWS\SYSTEM32\wintypes.dll
0x00007ffae7430000 - 0x00007ffae7463000 	C:\WINDOWS\SYSTEM32\ntmarta.dll
0x00007ffad2bf0000 - 0x00007ffad2c56000 	C:\WINDOWS\system32\Oleacc.dll
0x00007ffad59a0000 - 0x00007ffad59aa000 	C:\Windows\System32\rasadhlp.dll
0x00007ffad54e0000 - 0x00007ffad555f000 	C:\WINDOWS\System32\fwpuclnt.dll
0x00007ffad54a0000 - 0x00007ffad54ae000 	C:\Program Files\Java\jdk-16\bin\sunmscapi.dll
0x00007ffae8910000 - 0x00007ffae8a6f000 	C:\WINDOWS\System32\CRYPT32.dll
0x00007ffae81d0000 - 0x00007ffae81f7000 	C:\WINDOWS\SYSTEM32\ncrypt.dll
0x00007ffae8140000 - 0x00007ffae817b000 	C:\WINDOWS\SYSTEM32\NTASN1.dll

dbghelp: loaded successfully - version: 4.0.5 - missing functions: none
symbol engine: initialized successfully - sym options: 0x614 - pdb path: .;C:\Program Files\Java\jdk-16\bin;C:\WINDOWS\SYSTEM32;C:\WINDOWS\WinSxS\amd64_microsoft.windows.common-controls_6595b64144ccf1df_6.0.19041.844_none_ca00b6081b84eb1d;C:\Program Files\Java\jdk-16\bin\server;C:\Program Files\NetBeans-12.3\netbeans\profiler\lib\deployed\jdk16\windows-amd64

VM Arguments:
jvm_args: -Dfile.encoding=UTF-8 -agentpath:C:/Program Files/NetBeans-12.3/netbeans/profiler/lib/deployed/jdk16/windows-amd64/profilerinterface.dll=C:\Program Files\NetBeans-12.3\netbeans\profiler\lib,5140,10 -XX:+HeapDumpOnOutOfMemoryError -XX:HeapDumpPath=C:\Users\lamju\OneDrive\Education\Diploma Of Software Development\Advanced Java\Assessments\ICTPRG527 & ICTPRG503 [IN PROGRESS]\SkillsAss2\nbproject\private\profiler 
java_command: Views.NewUserScreen
java_class_path (initial): C:\Users\lamju\OneDrive\Education\Diploma Of Software Development\Advanced Java\Assessments\ICTPRG527 & ICTPRG503 [IN PROGRESS]\SkillsAss2\jcalendar-1.4.jar;C:\Users\lamju\OneDrive\Education\Diploma Of Software Development\Advanced Java\Assessments\ICTPRG527\Resource Folder\UpdateInsertFeesTbl\mysql-connector-java-8.0.23.jar;C:\Users\lamju\OneDrive\Education\Diploma Of Software Development\Advanced Java\Assessments\ICTPRG527 & ICTPRG503 [IN PROGRESS]\SkillsAss2\build\classes
Launcher Type: SUN_STANDARD

[Global flags]
     intx CICompilerCount                          = 3                                         {product} {ergonomic}
     uint ConcGCThreads                            = 1                                         {product} {ergonomic}
     uint G1ConcRefinementThreads                  = 4                                         {product} {ergonomic}
   size_t G1HeapRegionSize                         = 1048576                                   {product} {ergonomic}
    uintx GCDrainStackTargetSize                   = 64                                        {product} {ergonomic}
     bool HeapDumpOnOutOfMemoryError               = true                                   {manageable} {command line}
    ccstr HeapDumpPath                             = C:\Users\lamju\OneDrive\Education\Diploma Of Software Development\Advanced Java\Assessments\ICTPRG527 & ICTPRG503 [IN PROGRESS]\SkillsAss2\nbproject\private\profiler         {manageable} {command line}
   size_t InitialHeapSize                          = 67108864                                  {product} {ergonomic}
   size_t MarkStackSize                            = 4194304                                   {product} {ergonomic}
   size_t MaxHeapSize                              = 1052770304                                {product} {ergonomic}
   size_t MaxNewSize                               = 631242752                                 {product} {ergonomic}
   size_t MinHeapDeltaBytes                        = 1048576                                   {product} {ergonomic}
   size_t MinHeapSize                              = 8388608                                   {product} {ergonomic}
    uintx NonNMethodCodeHeapSize                   = 5832780                                {pd product} {ergonomic}
    uintx NonProfiledCodeHeapSize                  = 122912730                              {pd product} {ergonomic}
    uintx ProfiledCodeHeapSize                     = 122912730                              {pd product} {ergonomic}
    uintx ReservedCodeCacheSize                    = 251658240                              {pd product} {ergonomic}
     bool SegmentedCodeCache                       = true                                      {product} {ergonomic}
   size_t SoftMaxHeapSize                          = 1052770304                             {manageable} {ergonomic}
     bool UseCompressedClassPointers               = true                           {product lp64_product} {ergonomic}
     bool UseCompressedOops                        = true                           {product lp64_product} {ergonomic}
     bool UseG1GC                                  = true                                      {product} {ergonomic}
     bool UseLargePagesIndividualAllocation        = false                                  {pd product} {ergonomic}

Logging:
Log output configuration:
 #0: stdout all=warning uptime,level,tags
 #1: stderr all=off uptime,level,tags

Environment Variables:
PATH=C:\Program Files (x86)\Common Files\Oracle\Java\javapath;C:\Program Files\Common Files\Oracle\Java\javapath;C:\WINDOWS\system32;C:\WINDOWS;C:\WINDOWS\System32\Wbem;C:\WINDOWS\System32\WindowsPowerShell\v1.0\;C:\WINDOWS\System32\OpenSSH\;C:\Program Files\dotnet\;C:\Program Files\Microsoft SQL Server\130\Tools\Binn\;C:\Program Files\Microsoft SQL Server\Client SDK\ODBC\170\Tools\Binn\;C:\Program Files (x86)\Microsoft SQL Server\150\DTS\Binn\;C:\Program Files\Azure Data Studio\bin;C:\Program Files (x86)\Microsoft SQL Server\150\Tools\Binn\;C:\Program Files\Microsoft SQL Server\150\Tools\Binn\;C:\Program Files\Microsoft SQL Server\150\DTS\Binn\;C:\Program Files\Git\cmd;C:\Users\lamju\OneDrive\Desktop\jdk-8u291-windows-i586.exe
USERNAME=lamju
OS=Windows_NT
PROCESSOR_IDENTIFIER=Intel64 Family 6 Model 142 Stepping 9, GenuineIntel



---------------  S Y S T E M  ---------------

OS:
 Windows 10 , 64 bit Build 19041 (10.0.19041.928)
OS uptime: 3 days 1:41 hours

CPU: total 4 (initial active 4) (2 cores per cpu, 2 threads per core) family 6 model 142 stepping 9 microcode 0xde, cx8, cmov, fxsr, ht, mmx, 3dnowpref, sse, sse2, sse3, ssse3, sse4.1, sse4.2, popcnt, lzcnt, tsc, tscinvbit, avx, avx2, aes, erms, clmul, bmi1, bmi2, adx, fma, vzeroupper, clflush, clflushopt

Memory: 4k page, system-wide physical 4013M (375M free)
TotalPageFile size 14883M (AvailPageFile size 7952M)
current process WorkingSet (physical memory assigned to process): 156M, peak: 163M
current process commit charge ("private bytes"): 183M, peak: 196M

vm_info: Java HotSpot(TM) 64-Bit Server VM (16+36-2231) for windows-amd64 JRE (16+36-2231), built on Feb  8 2021 11:43:10 by "mach5one" with MS VC++ 16.7 (VS2019)

END.
